<?xml version="1.0" encoding="UTF-8"?>
<!-- Generated by org.testng.reporters.JUnitXMLReporter -->
<testsuite ignored="0" hostname="DESKTOP-UQE22GG" failures="0" tests="2" name="Surefire test" time="0.477" errors="0" timestamp="2025-07-04T16:16:01 IST">
  <testcase classname="testCases.BaseClass" name="@BeforeClass setUp" time="0.058">
    <failure type="java.lang.NullPointerException" message="Cannot invoke &amp;quot;String.toLowerCase()&amp;quot; because &amp;quot;browser&amp;quot; is null">
      <![CDATA[java.lang.NullPointerException: Cannot invoke "String.toLowerCase()" because "browser" is null
at testCases.BaseClass.initializeLocalDriver(BaseClass.java:118)
at testCases.BaseClass.setUp(BaseClass.java:56)
at java.base/java.util.ArrayList.forEach(ArrayList.java:1597)
... Removed 28 stack frames]]>
    </failure>
  </testcase> <!-- @BeforeClass setUp -->
  <testcase classname="testCases.BaseClass" name="@AfterClass tearDown" time="0.0">
    <skipped/>
  </testcase> <!-- @AfterClass tearDown -->
  <testcase classname="testCases.BaseClass" name="@BeforeClass setUp" time="0.0">
    <failure type="java.lang.NullPointerException" message="Cannot invoke &amp;quot;String.toLowerCase()&amp;quot; because &amp;quot;browser&amp;quot; is null">
      <![CDATA[java.lang.NullPointerException: Cannot invoke "String.toLowerCase()" because "browser" is null
at testCases.BaseClass.initializeLocalDriver(BaseClass.java:118)
at testCases.BaseClass.setUp(BaseClass.java:56)
at java.base/java.util.ArrayList.forEach(ArrayList.java:1597)
... Removed 28 stack frames]]>
    </failure>
  </testcase> <!-- @BeforeClass setUp -->
  <testcase classname="testCases.BaseClass" name="@AfterClass tearDown" time="0.0">
    <skipped/>
  </testcase> <!-- @AfterClass tearDown -->
  <testcase classname="testCases.TC01_HomePage_Load_Test" name="checkPresenceOfHomepage" time="0.0">
    <skipped/>
  </testcase> <!-- checkPresenceOfHomepage -->
  <testcase classname="testCases.TC02_Schedule_Demo_Form_Test" name="testScheduleDemoForm" time="0.008">
    <skipped/>
  </testcase> <!-- testScheduleDemoForm -->
</testsuite> <!-- Surefire test -->
