<?xml version="1.0" encoding="UTF-8"?>
<!-- Generated by org.testng.reporters.JUnitXMLReporter -->
<testsuite ignored="0" hostname="DESKTOP-UQE22GG" failures="0" tests="4" name="Test" time="111.471" errors="0" timestamp="2025-07-04T15:17:41 IST">
  <testcase classname="testCases.TC01_HomePage_Load_Test" name="checkPresenceOfHomepage" time="16.132"/>
  <testcase classname="testCases.TC04_Validate_FooterSection_BrokenLinks" name="testBrokenLinksInFooterSection" time="35.298"/>
  <testcase classname="testCases.TC02_Schedule_Demo_Form_Test" name="testScheduleDemoForm" time="19.681"/>
  <testcase classname="testCases.TC03_Navigate_To_BillPay_Section" name="checkPresenceOfBillPaySection" time="29.442"/>
</testsuite> <!-- Test -->
