<?xml version="1.0" encoding="UTF-8"?>
<!-- Generated by org.testng.reporters.JUnitXMLReporter -->
<testsuite ignored="0" hostname="DESKTOP-UQE22GG" failures="0" tests="4" name="Test" time="157.882" errors="0" timestamp="2025-07-04T16:21:12 IST">
  <testcase classname="testCases.TC01_HomePage_Load_Test" name="checkPresenceOfHomepage" time="26.078"/>
  <testcase classname="testCases.TC04_Validate_FooterSection_BrokenLinks" name="testBrokenLinksInFooterSection" time="34.12"/>
  <testcase classname="testCases.TC02_Schedule_Demo_Form_Test" name="testScheduleDemoForm" time="33.886"/>
  <testcase classname="testCases.TC03_Navigate_To_BillPay_Section" name="checkPresenceOfBillPaySection" time="47.711"/>
</testsuite> <!-- Test -->
