<?xml version="1.0" encoding="UTF-8"?>
<testsuite xmlns:xsi="http://www.w3.org/2001/XMLSchema-instance" xsi:noNamespaceSchemaLocation="https://maven.apache.org/surefire/maven-surefire-plugin/xsd/surefire-test-report-3.0.xsd" version="3.0" name="TestSuite" time="160.676" tests="4" errors="0" skipped="0" failures="0">
  <properties>
[...]
</properties>
  <testcase name="checkPresenceOfHomepage" classname="testCases.TC01_HomePage_Load_Test" time="26.348">
    <system-err><![CDATA[Jul 04, 2025 4:18:41 PM org.openqa.selenium.devtools.CdpVersionFinder findNearestMatch
WARNING: Unable to find CDP implementation matching 138
Jul 04, 2025 4:18:41 PM org.openqa.selenium.chromium.ChromiumDriver lambda$new$5
WARNING: Unable to find version of CDP to use for 138.0.7204.97. You may need to include a dependency on a specific version of the CDP using something similar to `org.seleniumhq.selenium:selenium-devtools-v86:4.26.0` where the version ("v86") matches the version of the chromium-based browser you're using and the version number of the artifact is the same as Selenium's.
]]></system-err>
  </testcase>
  <testcase name="testBrokenLinksInFooterSection" classname="testCases.TC04_Validate_FooterSection_BrokenLinks" time="34.133">
    <system-out><![CDATA[Exception while capturing footer links: Expected condition failed: waiting for visibility of all [[[ChromeDriver: chrome on windows (b710ba416a5540a618451f9ae20db57a)] -> xpath: //footer[@class="footer_component"]//a], [[ChromeDriver: chrome on windows (b710ba416a5540a618451f9ae20db57a)] -> xpath: //footer[@class="footer_component"]//a], [[ChromeDriver: chrome on windows (b710ba416a5540a618451f9ae20db57a)] -> xpath: //footer[@class="footer_component"]//a], [[ChromeDriver: chrome on windows (b710ba416a5540a618451f9ae20db57a)] -> xpath: //footer[@class="footer_component"]//a], [[ChromeDriver: chrome on windows (b710ba416a5540a618451f9ae20db57a)] -> xpath: //footer[@class="footer_component"]//a], [[ChromeDriver: chrome on windows (b710ba416a5540a618451f9ae20db57a)] -> xpath: //footer[@class="footer_component"]//a], [[ChromeDriver: chrome on windows (b710ba416a5540a618451f9ae20db57a)] -> xpath: //footer[@class="footer_component"]//a], [[ChromeDriver: chrome on windows (b710ba416a5540a618451f9ae20db57a)] -> xpath: //footer[@class="footer_component"]//a], [[ChromeDriver: chrome on windows (b710ba416a5540a618451f9ae20db57a)] -> xpath: //footer[@class="footer_component"]//a], [[ChromeDriver: chrome on windows (b710ba416a5540a618451f9ae20db57a)] -> xpath: //footer[@class="footer_component"]//a], [[ChromeDriver: chrome on windows (b710ba416a5540a618451f9ae20db57a)] -> xpath: //footer[@class="footer_component"]//a], [[ChromeDriver: chrome on windows (b710ba416a5540a618451f9ae20db57a)] -> xpath: //footer[@class="footer_component"]//a], [[ChromeDriver: chrome on windows (b710ba416a5540a618451f9ae20db57a)] -> xpath: //footer[@class="footer_component"]//a], [[ChromeDriver: chrome on windows (b710ba416a5540a618451f9ae20db57a)] -> xpath: //footer[@class="footer_component"]//a], [[ChromeDriver: chrome on windows (b710ba416a5540a618451f9ae20db57a)] -> xpath: //footer[@class="footer_component"]//a], [[ChromeDriver: chrome on windows (b710ba416a5540a618451f9ae20db57a)] -> xpath: //footer[@class="footer_component"]//a], [[ChromeDriver: chrome on windows (b710ba416a5540a618451f9ae20db57a)] -> xpath: //footer[@class="footer_component"]//a], [[ChromeDriver: chrome on windows (b710ba416a5540a618451f9ae20db57a)] -> xpath: //footer[@class="footer_component"]//a], [[ChromeDriver: chrome on windows (b710ba416a5540a618451f9ae20db57a)] -> xpath: //footer[@class="footer_component"]//a], [[ChromeDriver: chrome on windows (b710ba416a5540a618451f9ae20db57a)] -> xpath: //footer[@class="footer_component"]//a], [[ChromeDriver: chrome on windows (b710ba416a5540a618451f9ae20db57a)] -> xpath: //footer[@class="footer_component"]//a], [[ChromeDriver: chrome on windows (b710ba416a5540a618451f9ae20db57a)] -> xpath: //footer[@class="footer_component"]//a], [[ChromeDriver: chrome on windows (b710ba416a5540a618451f9ae20db57a)] -> xpath: //footer[@class="footer_component"]//a], [[ChromeDriver: chrome on windows (b710ba416a5540a618451f9ae20db57a)] -> xpath: //footer[@class="footer_component"]//a], [[ChromeDriver: chrome on windows (b710ba416a5540a618451f9ae20db57a)] -> xpath: //footer[@class="footer_component"]//a], [[ChromeDriver: chrome on windows (b710ba416a5540a618451f9ae20db57a)] -> xpath: //footer[@class="footer_component"]//a], [[ChromeDriver: chrome on windows (b710ba416a5540a618451f9ae20db57a)] -> xpath: //footer[@class="footer_component"]//a], [[ChromeDriver: chrome on windows (b710ba416a5540a618451f9ae20db57a)] -> xpath: //footer[@class="footer_component"]//a], [[ChromeDriver: chrome on windows (b710ba416a5540a618451f9ae20db57a)] -> xpath: //footer[@class="footer_component"]//a], [[ChromeDriver: chrome on windows (b710ba416a5540a618451f9ae20db57a)] -> xpath: //footer[@class="footer_component"]//a], [[ChromeDriver: chrome on windows (b710ba416a5540a618451f9ae20db57a)] -> xpath: //footer[@class="footer_component"]//a], [[ChromeDriver: chrome on windows (b710ba416a5540a618451f9ae20db57a)] -> xpath: //footer[@class="footer_component"]//a], [[ChromeDriver: chrome on windows (b710ba416a5540a618451f9ae20db57a)] -> xpath: //footer[@class="footer_component"]//a], [[ChromeDriver: chrome on windows (b710ba416a5540a618451f9ae20db57a)] -> xpath: //footer[@class="footer_component"]//a], [[ChromeDriver: chrome on windows (b710ba416a5540a618451f9ae20db57a)] -> xpath: //footer[@class="footer_component"]//a], [[ChromeDriver: chrome on windows (b710ba416a5540a618451f9ae20db57a)] -> xpath: //footer[@class="footer_component"]//a], [[ChromeDriver: chrome on windows (b710ba416a5540a618451f9ae20db57a)] -> xpath: //footer[@class="footer_component"]//a], [[ChromeDriver: chrome on windows (b710ba416a5540a618451f9ae20db57a)] -> xpath: //footer[@class="footer_component"]//a], [[ChromeDriver: chrome on windows (b710ba416a5540a618451f9ae20db57a)] -> xpath: //footer[@class="footer_component"]//a], [[ChromeDriver: chrome on windows (b710ba416a5540a618451f9ae20db57a)] -> xpath: //footer[@class="footer_component"]//a], [[ChromeDriver: chrome on windows (b710ba416a5540a618451f9ae20db57a)] -> xpath: //footer[@class="footer_component"]//a], [[ChromeDriver: chrome on windows (b710ba416a5540a618451f9ae20db57a)] -> xpath: //footer[@class="footer_component"]//a], [[ChromeDriver: chrome on windows (b710ba416a5540a618451f9ae20db57a)] -> xpath: //footer[@class="footer_component"]//a], [[ChromeDriver: chrome on windows (b710ba416a5540a618451f9ae20db57a)] -> xpath: //footer[@class="footer_component"]//a], [[ChromeDriver: chrome on windows (b710ba416a5540a618451f9ae20db57a)] -> xpath: //footer[@class="footer_component"]//a], [[ChromeDriver: chrome on windows (b710ba416a5540a618451f9ae20db57a)] -> xpath: //footer[@class="footer_component"]//a], [[ChromeDriver: chrome on windows (b710ba416a5540a618451f9ae20db57a)] -> xpath: //footer[@class="footer_component"]//a], [[ChromeDriver: chrome on windows (b710ba416a5540a618451f9ae20db57a)] -> xpath: //footer[@class="footer_component"]//a], [[ChromeDriver: chrome on windows (b710ba416a5540a618451f9ae20db57a)] -> xpath: //footer[@class="footer_component"]//a], [[ChromeDriver: chrome on windows (b710ba416a5540a618451f9ae20db57a)] -> xpath: //footer[@class="footer_component"]//a], [[ChromeDriver: chrome on windows (b710ba416a5540a618451f9ae20db57a)] -> xpath: //footer[@class="footer_component"]//a], [[ChromeDriver: chrome on windows (b710ba416a5540a618451f9ae20db57a)] -> xpath: //footer[@class="footer_component"]//a], [[ChromeDriver: chrome on windows (b710ba416a5540a618451f9ae20db57a)] -> xpath: //footer[@class="footer_component"]//a], [[ChromeDriver: chrome on windows (b710ba416a5540a618451f9ae20db57a)] -> xpath: //footer[@class="footer_component"]//a], [[ChromeDriver: chrome on windows (b710ba416a5540a618451f9ae20db57a)] -> xpath: //footer[@class="footer_component"]//a], [[ChromeDriver: chrome on windows (b710ba416a5540a618451f9ae20db57a)] -> xpath: //footer[@class="footer_component"]//a], [[ChromeDriver: chrome on windows (b710ba416a5540a618451f9ae20db57a)] -> xpath: //footer[@class="footer_component"]//a], [[ChromeDriver: chrome on windows (b710ba416a5540a618451f9ae20db57a)] -> xpath: //footer[@class="footer_component"]//a], [[ChromeDriver: chrome on windows (b710ba416a5540a618451f9ae20db57a)] -> xpath: //footer[@class="footer_component"]//a], [[ChromeDriver: chrome on windows (b710ba416a5540a618451f9ae20db57a)] -> xpath: //footer[@class="footer_component"]//a], [[ChromeDriver: chrome on windows (b710ba416a5540a618451f9ae20db57a)] -> xpath: //footer[@class="footer_component"]//a], [[ChromeDriver: chrome on windows (b710ba416a5540a618451f9ae20db57a)] -> xpath: //footer[@class="footer_component"]//a], [[ChromeDriver: chrome on windows (b710ba416a5540a618451f9ae20db57a)] -> xpath: //footer[@class="footer_component"]//a], [[ChromeDriver: chrome on windows (b710ba416a5540a618451f9ae20db57a)] -> xpath: //footer[@class="footer_component"]//a], [[ChromeDriver: chrome on windows (b710ba416a5540a618451f9ae20db57a)] -> xpath: //footer[@class="footer_component"]//a], [[ChromeDriver: chrome on windows (b710ba416a5540a618451f9ae20db57a)] -> xpath: //footer[@class="footer_component"]//a], [[ChromeDriver: chrome on windows (b710ba416a5540a618451f9ae20db57a)] -> xpath: //footer[@class="footer_component"]//a], [[ChromeDriver: chrome on windows (b710ba416a5540a618451f9ae20db57a)] -> xpath: //footer[@class="footer_component"]//a], [[ChromeDriver: chrome on windows (b710ba416a5540a618451f9ae20db57a)] -> xpath: //footer[@class="footer_component"]//a]] (tried for 10 second(s) with 500 milliseconds interval)
Build info: version: '4.26.0', revision: '8ccf0219d7'
System info: os.name: 'Windows 11', os.arch: 'amd64', os.version: '10.0', java.version: '22.0.1'
Driver info: org.openqa.selenium.chrome.ChromeDriver
Capabilities {acceptInsecureCerts: true, browserName: chrome, browserVersion: 138.0.7204.97, chrome: {chromedriverVersion: 138.0.7204.92 (f079b9bc781e..., userDataDir: C:\Users\Hp\AppData\Local\T...}, fedcm:accounts: true, goog:chromeOptions: {debuggerAddress: localhost:51349}, networkConnectionEnabled: false, pageLoadStrategy: normal, platformName: windows, proxy: Proxy(), se:cdp: ws://localhost:51349/devtoo..., se:cdpVersion: 138.0.7204.97, setWindowRect: true, strictFileInteractability: false, timeouts: {implicit: 0, pageLoad: 300000, script: 30000}, unhandledPromptBehavior: dismiss and notify, webauthn:extension:credBlob: true, webauthn:extension:largeBlob: true, webauthn:extension:minPinLength: true, webauthn:extension:prf: true, webauthn:virtualAuthenticators: true}
Session ID: b710ba416a5540a618451f9ae20db57a
]]></system-out>
    <system-err><![CDATA[Jul 04, 2025 4:19:10 PM org.openqa.selenium.devtools.CdpVersionFinder findNearestMatch
WARNING: Unable to find CDP implementation matching 138
Jul 04, 2025 4:19:10 PM org.openqa.selenium.chromium.ChromiumDriver lambda$new$5
WARNING: Unable to find version of CDP to use for 138.0.7204.97. You may need to include a dependency on a specific version of the CDP using something similar to `org.seleniumhq.selenium:selenium-devtools-v86:4.26.0` where the version ("v86") matches the version of the chromium-based browser you're using and the version number of the artifact is the same as Selenium's.
]]></system-err>
  </testcase>
  <testcase name="testScheduleDemoForm" classname="testCases.TC02_Schedule_Demo_Form_Test" time="33.875">
    <system-err><![CDATA[Jul 04, 2025 4:19:46 PM org.openqa.selenium.devtools.CdpVersionFinder findNearestMatch
WARNING: Unable to find CDP implementation matching 138
Jul 04, 2025 4:19:46 PM org.openqa.selenium.chromium.ChromiumDriver lambda$new$5
WARNING: Unable to find version of CDP to use for 138.0.7204.97. You may need to include a dependency on a specific version of the CDP using something similar to `org.seleniumhq.selenium:selenium-devtools-v86:4.26.0` where the version ("v86") matches the version of the chromium-based browser you're using and the version number of the artifact is the same as Selenium's.
]]></system-err>
  </testcase>
  <testcase name="checkPresenceOfBillPaySection" classname="testCases.TC03_Navigate_To_BillPay_Section" time="47.722">
    <system-err><![CDATA[Jul 04, 2025 4:20:23 PM org.openqa.selenium.devtools.CdpVersionFinder findNearestMatch
WARNING: Unable to find CDP implementation matching 138
Jul 04, 2025 4:20:23 PM org.openqa.selenium.chromium.ChromiumDriver lambda$new$5
WARNING: Unable to find version of CDP to use for 138.0.7204.97. You may need to include a dependency on a specific version of the CDP using something similar to `org.seleniumhq.selenium:selenium-devtools-v86:4.26.0` where the version ("v86") matches the version of the chromium-based browser you're using and the version number of the artifact is the same as Selenium's.
]]></system-err>
  </testcase>
</testsuite>