<?xml version="1.0" encoding="UTF-8"?>
<testng-results ignored="0" total="4" passed="4" failed="0" skipped="0">
  <reporter-output>
  </reporter-output>
  <suite started-at="2025-07-04T15:15:49 IST" name="Suite" finished-at="2025-07-04T15:17:41 IST" duration-ms="111471">
    <groups>
    </groups>
    <test started-at="2025-07-04T15:15:49 IST" name="Test" finished-at="2025-07-04T15:17:41 IST" duration-ms="111471">
      <class name="testCases.TC03_Navigate_To_BillPay_Section">
        <test-method is-config="true" signature="setUp(java.lang.String,java.lang.String)[pri:0, instance:testCases.TC03_Navigate_To_BillPay_Section@45cff11c]" started-at="2025-07-04T15:17:10 IST" name="setUp" finished-at="2025-07-04T15:17:11 IST" duration-ms="1270" status="PASS">
          <params>
            <param index="0">
              <value is-null="true"/>
            </param>
            <param index="1">
              <value>
                <![CDATA[chrome]]>
              </value>
            </param>
          </params>
          <reporter-output>
          </reporter-output>
        </test-method> <!-- setUp -->
        <test-method signature="checkPresenceOfBillPaySection()[pri:0, instance:testCases.TC03_Navigate_To_BillPay_Section@45cff11c]" started-at="2025-07-04T15:17:11 IST" name="checkPresenceOfBillPaySection" finished-at="2025-07-04T15:17:40 IST" duration-ms="29442" status="PASS">
          <reporter-output>
          </reporter-output>
        </test-method> <!-- checkPresenceOfBillPaySection -->
        <test-method is-config="true" signature="tearDown()[pri:0, instance:testCases.TC03_Navigate_To_BillPay_Section@45cff11c]" started-at="2025-07-04T15:17:40 IST" name="tearDown" finished-at="2025-07-04T15:17:41 IST" duration-ms="301" status="PASS">
          <reporter-output>
          </reporter-output>
        </test-method> <!-- tearDown -->
      </class> <!-- testCases.TC03_Navigate_To_BillPay_Section -->
      <class name="testCases.TC01_HomePage_Load_Test">
        <test-method is-config="true" signature="setUp(java.lang.String,java.lang.String)[pri:0, instance:testCases.TC01_HomePage_Load_Test@7be58f16]" started-at="2025-07-04T15:15:49 IST" name="setUp" finished-at="2025-07-04T15:15:54 IST" duration-ms="4191" status="PASS">
          <params>
            <param index="0">
              <value is-null="true"/>
            </param>
            <param index="1">
              <value>
                <![CDATA[chrome]]>
              </value>
            </param>
          </params>
          <reporter-output>
          </reporter-output>
        </test-method> <!-- setUp -->
        <test-method signature="checkPresenceOfHomepage()[pri:0, instance:testCases.TC01_HomePage_Load_Test@7be58f16]" started-at="2025-07-04T15:15:54 IST" name="checkPresenceOfHomepage" finished-at="2025-07-04T15:16:10 IST" duration-ms="16132" status="PASS">
          <reporter-output>
          </reporter-output>
        </test-method> <!-- checkPresenceOfHomepage -->
        <test-method is-config="true" signature="tearDown()[pri:0, instance:testCases.TC01_HomePage_Load_Test@7be58f16]" started-at="2025-07-04T15:16:10 IST" name="tearDown" finished-at="2025-07-04T15:16:10 IST" duration-ms="565" status="PASS">
          <reporter-output>
          </reporter-output>
        </test-method> <!-- tearDown -->
      </class> <!-- testCases.TC01_HomePage_Load_Test -->
      <class name="testCases.TC04_Validate_FooterSection_BrokenLinks">
        <test-method is-config="true" signature="setUp(java.lang.String,java.lang.String)[pri:0, instance:testCases.TC04_Validate_FooterSection_BrokenLinks@4721d212]" started-at="2025-07-04T15:16:10 IST" name="setUp" finished-at="2025-07-04T15:16:13 IST" duration-ms="2385" status="PASS">
          <params>
            <param index="0">
              <value is-null="true"/>
            </param>
            <param index="1">
              <value>
                <![CDATA[chrome]]>
              </value>
            </param>
          </params>
          <reporter-output>
          </reporter-output>
        </test-method> <!-- setUp -->
        <test-method signature="testBrokenLinksInFooterSection()[pri:0, instance:testCases.TC04_Validate_FooterSection_BrokenLinks@4721d212]" started-at="2025-07-04T15:16:13 IST" name="testBrokenLinksInFooterSection" finished-at="2025-07-04T15:16:48 IST" duration-ms="35298" status="PASS">
          <reporter-output>
          </reporter-output>
        </test-method> <!-- testBrokenLinksInFooterSection -->
        <test-method is-config="true" signature="tearDown()[pri:0, instance:testCases.TC04_Validate_FooterSection_BrokenLinks@4721d212]" started-at="2025-07-04T15:16:48 IST" name="tearDown" finished-at="2025-07-04T15:16:48 IST" duration-ms="334" status="PASS">
          <reporter-output>
          </reporter-output>
        </test-method> <!-- tearDown -->
      </class> <!-- testCases.TC04_Validate_FooterSection_BrokenLinks -->
      <class name="testCases.TC02_Schedule_Demo_Form_Test">
        <test-method is-config="true" signature="setUp(java.lang.String,java.lang.String)[pri:0, instance:testCases.TC02_Schedule_Demo_Form_Test@1b065145]" started-at="2025-07-04T15:16:48 IST" name="setUp" finished-at="2025-07-04T15:16:50 IST" duration-ms="1198" status="PASS">
          <params>
            <param index="0">
              <value is-null="true"/>
            </param>
            <param index="1">
              <value>
                <![CDATA[chrome]]>
              </value>
            </param>
          </params>
          <reporter-output>
          </reporter-output>
        </test-method> <!-- setUp -->
        <test-method signature="testScheduleDemoForm()[pri:0, instance:testCases.TC02_Schedule_Demo_Form_Test@1b065145]" started-at="2025-07-04T15:16:50 IST" name="testScheduleDemoForm" finished-at="2025-07-04T15:17:09 IST" duration-ms="19681" status="PASS">
          <reporter-output>
          </reporter-output>
        </test-method> <!-- testScheduleDemoForm -->
        <test-method is-config="true" signature="tearDown()[pri:0, instance:testCases.TC02_Schedule_Demo_Form_Test@1b065145]" started-at="2025-07-04T15:17:09 IST" name="tearDown" finished-at="2025-07-04T15:17:10 IST" duration-ms="306" status="PASS">
          <reporter-output>
          </reporter-output>
        </test-method> <!-- tearDown -->
      </class> <!-- testCases.TC02_Schedule_Demo_Form_Test -->
    </test> <!-- Test -->
  </suite> <!-- Suite -->
</testng-results>
